2011/10/31 15:59:06 INFO  - jmeter.util.JMeterUtils: Setting Locale to ru_RU 
2011/10/31 15:59:06 ERROR - jmeter.util.JMeterUtils: Could not find resources for 'ru_RU' 
2011/10/31 15:59:06 INFO  - jmeter.JMeter: Loading user properties from: Z:\automation-qa\_DISTRIB\jMeter\bin\user.properties 
2011/10/31 15:59:06 INFO  - jmeter.JMeter: Loading system properties from: Z:\automation-qa\_DISTRIB\jMeter\bin\system.properties 
2011/10/31 15:59:06 INFO  - jmeter.JMeter: Copyright (c) 1998-2011 The Apache Software Foundation 
2011/10/31 15:59:07 INFO  - jmeter.JMeter: Version 2.5 r1158837 
2011/10/31 15:59:07 INFO  - jmeter.JMeter: java.version=1.6.0_29 
2011/10/31 15:59:07 INFO  - jmeter.JMeter: java.vm.name=Java HotSpot(TM) Client VM 
2011/10/31 15:59:07 INFO  - jmeter.JMeter: os.name=Windows 7 
2011/10/31 15:59:07 INFO  - jmeter.JMeter: os.arch=x86 
2011/10/31 15:59:07 INFO  - jmeter.JMeter: os.version=6.1 
2011/10/31 15:59:07 INFO  - jmeter.JMeter: file.encoding=Cp1251 
2011/10/31 15:59:07 INFO  - jmeter.JMeter: Default Locale=русский (Россия) 
2011/10/31 15:59:07 INFO  - jmeter.JMeter: JMeter  Locale=русский (Россия) 
2011/10/31 15:59:07 INFO  - jmeter.JMeter: JMeterHome=Z:\automation-qa\_DISTRIB\jMeter 
2011/10/31 15:59:07 INFO  - jmeter.JMeter: user.dir  =Z:\automation-qa\_DISTRIB\jMeter\bin 
2011/10/31 15:59:07 INFO  - jmeter.JMeter: PWD       =Z:\automation-qa\_DISTRIB\jMeter\bin 
2011/10/31 15:59:07 INFO  - jmeter.JMeter: IP: 169.254.133.44 Name: skhachko FullName: skhachko 
2011/10/31 15:59:07 INFO  - jmeter.JMeter: Loaded icon properties from org/apache/jmeter/images/icon.properties 
2011/10/31 15:59:10 INFO  - jmeter.engine.util.CompoundVariable: Note: Function class names must contain the string: '.functions.' 
2011/10/31 15:59:10 INFO  - jmeter.engine.util.CompoundVariable: Note: Function class names must not contain the string: '.gui.' 
2011/10/31 15:59:11 ERROR - jmeter.gui.action.Help: Couldn't load help file java.io.FileNotFoundException: Z:\automation-qa\_DISTRIB\jMeter\printable_docs\usermanual\component_reference.html (Системе не удается найти указанный путь) 
2011/10/31 15:59:12 INFO  - jmeter.util.BSFTestElement: Registering JMeter version of JavaScript engine as work-round for BSF-22 
2011/10/31 15:59:12 INFO  - jmeter.protocol.http.sampler.HTTPSamplerBase: Cannot find .className property for htmlParser, using default 
2011/10/31 15:59:12 INFO  - jmeter.protocol.http.sampler.HTTPSamplerBase: Parser for text/html is  
2011/10/31 15:59:12 INFO  - jmeter.protocol.http.sampler.HTTPSamplerBase: Parser for application/xhtml+xml is  
2011/10/31 15:59:12 INFO  - jmeter.protocol.http.sampler.HTTPSamplerBase: Parser for application/xml is  
2011/10/31 15:59:12 INFO  - jmeter.protocol.http.sampler.HTTPSamplerBase: Parser for text/xml is  
2011/10/31 15:59:12 INFO  - jmeter.protocol.http.sampler.HTTPSamplerBase: Parser for text/vnd.wap.wml is org.apache.jmeter.protocol.http.parser.RegexpHTMLParser 
2011/10/31 15:59:13 INFO  - jmeter.gui.util.MenuFactory: Skipping org.apache.jmeter.protocol.http.modifier.gui.ParamModifierGui 
2011/10/31 15:59:13 INFO  - jmeter.gui.util.MenuFactory: Skipping org.apache.jmeter.protocol.http.modifier.gui.UserParameterModifierGui 
2011/10/31 15:59:15 INFO  - jmeter.samplers.SampleResult: Note: Sample TimeStamps are START times 
2011/10/31 15:59:15 INFO  - jmeter.samplers.SampleResult: sampleresult.default.encoding is set to ISO-8859-1 
2011/10/31 15:59:15 INFO  - jmeter.samplers.SampleResult: sampleresult.useNanoTime=true 
